# JRE version: Java(TM) SE Runtime Environment (8.0_121-b13) (build 1.8.0_121-b13)
# Java VM: Java HotSpot(TM) 64-Bit Server VM (25.121-b13 mixed mode linux-amd64 compressed oops)
Heap:
 PSYoungGen      total 70656K, used 43157K [0x00000000d6600000, 0x00000000db000000, 0x0000000100000000)
  eden space 65536K, 58% used [0x00000000d6600000,0x00000000d8b5aac8,0x00000000da600000)
  from space 5120K, 95% used [0x00000000dab00000,0x00000000dafcacd0,0x00000000db000000)
  to   space 5120K, 0% used [0x00000000da600000,0x00000000da600000,0x00000000dab00000)
 ParOldGen       total 86016K, used 63K [0x0000000083200000, 0x0000000088600000, 0x00000000d6600000)
  object space 86016K, 0% used [0x0000000083200000,0x000000008320fd20,0x0000000088600000)
 Metaspace       used 10269K, capacity 10448K, committed 10624K, reserved 1058816K
  class space    used 1014K, capacity 1052K, committed 1152K, reserved 1048576K
GC Heap History (4 events):
Event: 4.567 GC heap before
{Heap before GC invocations=1 (full 0):
 PSYoungGen      total 37888K, used 32768K [0x00000000d6600000, 0x00000000d9000000, 0x0000000100000000)
  eden space 32768K, 100% used [0x00000000d6600000,0x00000000d8600000,0x00000000d8600000)
  from space 5120K, 0% used [0x00000000d8b00000,0x00000000d8b00000,0x00000000d9000000)
  to   space 5120K, 0% used [0x00000000d8600000,0x00000000d8600000,0x00000000d8b00000)
 ParOldGen       total 86016K, used 0K [0x0000000083200000, 0x0000000088600000, 0x00000000d6600000)
  object space 86016K, 0% used [0x0000000083200000,0x0000000083200000,0x0000000088600000)
 Metaspace       used 5640K, capacity 5944K, committed 6016K, reserved 1056768K
  class space    used 553K, capacity 600K, committed 640K, reserved 1048576K
Event: 4.728 GC heap after
Heap after GC invocations=1 (full 0):
 PSYoungGen      total 37888K, used 5117K [0x00000000d6600000, 0x00000000db000000, 0x0000000100000000)
  eden space 32768K, 0% used [0x00000000d6600000,0x00000000d6600000,0x00000000d8600000)
  from space 5120K, 99% used [0x00000000d8600000,0x00000000d8aff508,0x00000000d8b00000)
  to   space 5120K, 0% used [0x00000000dab00000,0x00000000dab00000,0x00000000db000000)
 ParOldGen       total 86016K, used 55K [0x0000000083200000, 0x0000000088600000, 0x00000000d6600000)
  object space 86016K, 0% used [0x0000000083200000,0x000000008320dd20,0x0000000088600000)
 Metaspace       used 5640K, capacity 5944K, committed 6016K, reserved 1056768K
  class space    used 553K, capacity 600K, committed 640K, reserved 1048576K
}
Event: 7.422 GC heap before
{Heap before GC invocations=2 (full 0):
 PSYoungGen      total 37888K, used 37885K [0x00000000d6600000, 0x00000000db000000, 0x0000000100000000)
  eden space 32768K, 100% used [0x00000000d6600000,0x00000000d8600000,0x00000000d8600000)
  from space 5120K, 99% used [0x00000000d8600000,0x00000000d8aff508,0x00000000d8b00000)
  to   space 5120K, 0% used [0x00000000dab00000,0x00000000dab00000,0x00000000db000000)
 ParOldGen       total 86016K, used 55K [0x0000000083200000, 0x0000000088600000, 0x00000000d6600000)
  object space 86016K, 0% used [0x0000000083200000,0x000000008320dd20,0x0000000088600000)
 Metaspace       used 7266K, capacity 7360K, committed 7424K, reserved 1056768K
  class space    used 694K, capacity 728K, committed 768K, reserved 1048576K
Event: 7.470 GC heap after
Heap after GC invocations=2 (full 0):
 PSYoungGen      total 70656K, used 4907K [0x00000000d6600000, 0x00000000db000000, 0x0000000100000000)
  eden space 65536K, 0% used [0x00000000d6600000,0x00000000d6600000,0x00000000da600000)
  from space 5120K, 95% used [0x00000000dab00000,0x00000000dafcacd0,0x00000000db000000)
  to   space 5120K, 0% used [0x00000000da600000,0x00000000da600000,0x00000000dab00000)
 ParOldGen       total 86016K, used 63K [0x0000000083200000, 0x0000000088600000, 0x00000000d6600000)
  object space 86016K, 0% used [0x0000000083200000,0x000000008320fd20,0x0000000088600000)
 Metaspace       used 7266K, capacity 7360K, committed 7424K, reserved 1056768K
  class space    used 694K, capacity 728K, committed 768K, reserved 1048576K
}

