# JRE version: Java(TM) SE Runtime Environment (8.0_121-b13) (build 1.8.0_121-b13)
# Java VM: Java HotSpot(TM) 64-Bit Server VM (25.121-b13 mixed mode linux-amd64 compressed oops)
Heap:
 PSYoungGen      total 105984K, used 92396K [0x00000000d6600000, 0x00000000e2980000, 0x0000000100000000)
  eden space 104448K, 87% used [0x00000000d6600000,0x00000000dbed48a8,0x00000000dcc00000)
  from space 1536K, 93% used [0x00000000e1500000,0x00000000e16667f0,0x00000000e1680000)
  to   space 11264K, 0% used [0x00000000e1e80000,0x00000000e1e80000,0x00000000e2980000)
 ParOldGen       total 86016K, used 18559K [0x0000000083200000, 0x0000000088600000, 0x00000000d6600000)
  object space 86016K, 21% used [0x0000000083200000,0x000000008441feb0,0x0000000088600000)
 Metaspace       used 17296K, capacity 17586K, committed 17920K, reserved 1064960K
  class space    used 1600K, capacity 1697K, committed 1792K, reserved 1048576K
GC Heap History (10 events):
Event: 93.587 GC heap before
{Heap before GC invocations=11 (full 0):
 PSYoungGen      total 127488K, used 127126K [0x00000000d6600000, 0x00000000e3f00000, 0x0000000100000000)
  eden space 125952K, 100% used [0x00000000d6600000,0x00000000de100000,0x00000000de100000)
  from space 1536K, 76% used [0x00000000e3d80000,0x00000000e3ea5870,0x00000000e3f00000)
  to   space 11264K, 0% used [0x00000000e2900000,0x00000000e2900000,0x00000000e3400000)
 ParOldGen       total 86016K, used 18248K [0x0000000083200000, 0x0000000088600000, 0x00000000d6600000)
  object space 86016K, 21% used [0x0000000083200000,0x00000000843d21e0,0x0000000088600000)
 Metaspace       used 16960K, capacity 17258K, committed 17408K, reserved 1064960K
  class space    used 1599K, capacity 1697K, committed 1792K, reserved 1048576K
Event: 93.593 GC heap after
Heap after GC invocations=11 (full 0):
 PSYoungGen      total 124928K, used 3223K [0x00000000d6600000, 0x00000000e3e00000, 0x0000000100000000)
  eden space 121344K, 0% used [0x00000000d6600000,0x00000000d6600000,0x00000000ddc80000)
  from space 3584K, 89% used [0x00000000e2900000,0x00000000e2c25c50,0x00000000e2c80000)
  to   space 11264K, 0% used [0x00000000e3300000,0x00000000e3300000,0x00000000e3e00000)
 ParOldGen       total 86016K, used 18280K [0x0000000083200000, 0x0000000088600000, 0x00000000d6600000)
  object space 86016K, 21% used [0x0000000083200000,0x00000000843da1e0,0x0000000088600000)
 Metaspace       used 16960K, capacity 17258K, committed 17408K, reserved 1064960K
  class space    used 1599K, capacity 1697K, committed 1792K, reserved 1048576K
}
Event: 116.261 GC heap before
{Heap before GC invocations=12 (full 0):
 PSYoungGen      total 124928K, used 124567K [0x00000000d6600000, 0x00000000e3e00000, 0x0000000100000000)
  eden space 121344K, 100% used [0x00000000d6600000,0x00000000ddc80000,0x00000000ddc80000)
  from space 3584K, 89% used [0x00000000e2900000,0x00000000e2c25c50,0x00000000e2c80000)
  to   space 11264K, 0% used [0x00000000e3300000,0x00000000e3300000,0x00000000e3e00000)
 ParOldGen       total 86016K, used 18280K [0x0000000083200000, 0x0000000088600000, 0x00000000d6600000)
  object space 86016K, 21% used [0x0000000083200000,0x00000000843da1e0,0x0000000088600000)
 Metaspace       used 17019K, capacity 17322K, committed 17664K, reserved 1064960K
  class space    used 1599K, capacity 1697K, committed 1792K, reserved 1048576K
Event: 116.373 GC heap after
Heap after GC invocations=12 (full 0):
 PSYoungGen      total 118784K, used 1877K [0x00000000d6600000, 0x00000000e3500000, 0x0000000100000000)
  eden space 116736K, 0% used [0x00000000d6600000,0x00000000d6600000,0x00000000dd800000)
  from space 2048K, 91% used [0x00000000e3300000,0x00000000e34d54a0,0x00000000e3500000)
  to   space 11264K, 0% used [0x00000000e1f00000,0x00000000e1f00000,0x00000000e2a00000)
 ParOldGen       total 86016K, used 18400K [0x0000000083200000, 0x0000000088600000, 0x00000000d6600000)
  object space 86016K, 21% used [0x0000000083200000,0x00000000843f8048,0x0000000088600000)
 Metaspace       used 17019K, capacity 17322K, committed 17664K, reserved 1064960K
  class space    used 1599K, capacity 1697K, committed 1792K, reserved 1048576K
}
Event: 134.943 GC heap before
{Heap before GC invocations=13 (full 0):
 PSYoungGen      total 118784K, used 118613K [0x00000000d6600000, 0x00000000e3500000, 0x0000000100000000)
  eden space 116736K, 100% used [0x00000000d6600000,0x00000000dd800000,0x00000000dd800000)
  from space 2048K, 91% used [0x00000000e3300000,0x00000000e34d54a0,0x00000000e3500000)
  to   space 11264K, 0% used [0x00000000e1f00000,0x00000000e1f00000,0x00000000e2a00000)
 ParOldGen       total 86016K, used 18400K [0x0000000083200000, 0x0000000088600000, 0x00000000d6600000)
  object space 86016K, 21% used [0x0000000083200000,0x00000000843f8048,0x0000000088600000)
 Metaspace       used 17098K, capacity 17394K, committed 17664K, reserved 1064960K
  class space    used 1599K, capacity 1697K, committed 1792K, reserved 1048576K
Event: 134.978 GC heap after
Heap after GC invocations=13 (full 0):
 PSYoungGen      total 117760K, used 4895K [0x00000000d6600000, 0x00000000e3380000, 0x0000000100000000)
  eden space 112640K, 0% used [0x00000000d6600000,0x00000000d6600000,0x00000000dd400000)
  from space 5120K, 95% used [0x00000000e1f00000,0x00000000e23c7c48,0x00000000e2400000)
  to   space 10752K, 0% used [0x00000000e2900000,0x00000000e2900000,0x00000000e3380000)
 ParOldGen       total 86016K, used 18511K [0x0000000083200000, 0x0000000088600000, 0x00000000d6600000)
  object space 86016K, 21% used [0x0000000083200000,0x0000000084413eb0,0x0000000088600000)
 Metaspace       used 17098K, capacity 17394K, committed 17664K, reserved 1064960K
  class space    used 1599K, capacity 1697K, committed 1792K, reserved 1048576K
}
Event: 151.164 GC heap before
{Heap before GC invocations=14 (full 0):
 PSYoungGen      total 117760K, used 117124K [0x00000000d6600000, 0x00000000e3380000, 0x0000000100000000)
  eden space 112640K, 99% used [0x00000000d6600000,0x00000000dd399710,0x00000000dd400000)
  from space 5120K, 95% used [0x00000000e1f00000,0x00000000e23c7c48,0x00000000e2400000)
  to   space 10752K, 0% used [0x00000000e2900000,0x00000000e2900000,0x00000000e3380000)
 ParOldGen       total 86016K, used 18511K [0x0000000083200000, 0x0000000088600000, 0x00000000d6600000)
  object space 86016K, 21% used [0x0000000083200000,0x0000000084413eb0,0x0000000088600000)
 Metaspace       used 17183K, capacity 17458K, committed 17664K, reserved 1064960K
  class space    used 1599K, capacity 1697K, committed 1792K, reserved 1048576K
Event: 151.169 GC heap after
Heap after GC invocations=14 (full 0):
 PSYoungGen      total 110592K, used 1753K [0x00000000d6600000, 0x00000000e2b00000, 0x0000000100000000)
  eden space 108544K, 0% used [0x00000000d6600000,0x00000000d6600000,0x00000000dd000000)
  from space 2048K, 85% used [0x00000000e2900000,0x00000000e2ab64e8,0x00000000e2b00000)
  to   space 11264K, 0% used [0x00000000e1500000,0x00000000e1500000,0x00000000e2000000)
 ParOldGen       total 86016K, used 18543K [0x0000000083200000, 0x0000000088600000, 0x00000000d6600000)
  object space 86016K, 21% used [0x0000000083200000,0x000000008441beb0,0x0000000088600000)
 Metaspace       used 17183K, capacity 17458K, committed 17664K, reserved 1064960K
  class space    used 1599K, capacity 1697K, committed 1792K, reserved 1048576K
}
Event: 171.114 GC heap before
{Heap before GC invocations=15 (full 0):
 PSYoungGen      total 110592K, used 110297K [0x00000000d6600000, 0x00000000e2b00000, 0x0000000100000000)
  eden space 108544K, 100% used [0x00000000d6600000,0x00000000dd000000,0x00000000dd000000)
  from space 2048K, 85% used [0x00000000e2900000,0x00000000e2ab64e8,0x00000000e2b00000)
  to   space 11264K, 0% used [0x00000000e1500000,0x00000000e1500000,0x00000000e2000000)
 ParOldGen       total 86016K, used 18543K [0x0000000083200000, 0x0000000088600000, 0x00000000d6600000)
  object space 86016K, 21% used [0x0000000083200000,0x000000008441beb0,0x0000000088600000)
 Metaspace       used 17222K, capacity 17522K, committed 17664K, reserved 1064960K
  class space    used 1599K, capacity 1697K, committed 1792K, reserved 1048576K
Event: 171.132 GC heap after
Heap after GC invocations=15 (full 0):
 PSYoungGen      total 105984K, used 1433K [0x00000000d6600000, 0x00000000e2980000, 0x0000000100000000)
  eden space 104448K, 0% used [0x00000000d6600000,0x00000000d6600000,0x00000000dcc00000)
  from space 1536K, 93% used [0x00000000e1500000,0x00000000e16667f0,0x00000000e1680000)
  to   space 11264K, 0% used [0x00000000e1e80000,0x00000000e1e80000,0x00000000e2980000)
 ParOldGen       total 86016K, used 18559K [0x0000000083200000, 0x0000000088600000, 0x00000000d6600000)
  object space 86016K, 21% used [0x0000000083200000,0x000000008441feb0,0x0000000088600000)
 Metaspace       used 17222K, capacity 17522K, committed 17664K, reserved 1064960K
  class space    used 1599K, capacity 1697K, committed 1792K, reserved 1048576K
}

