# JRE version: Java(TM) SE Runtime Environment (8.0_121-b13) (build 1.8.0_121-b13)
# Java VM: Java HotSpot(TM) 64-Bit Server VM (25.121-b13 mixed mode linux-amd64 compressed oops)
Heap:
 PSYoungGen      total 78336K, used 28647K [0x00000000d6600000, 0x00000000dbf80000, 0x0000000100000000)
  eden space 76288K, 35% used [0x00000000d6600000,0x00000000d802b4c0,0x00000000db080000)
  from space 2048K, 90% used [0x00000000db300000,0x00000000db4ce770,0x00000000db500000)
  to   space 7680K, 0% used [0x00000000db800000,0x00000000db800000,0x00000000dbf80000)
 ParOldGen       total 86016K, used 11565K [0x0000000083200000, 0x0000000088600000, 0x00000000d6600000)
  object space 86016K, 13% used [0x0000000083200000,0x0000000083d4b778,0x0000000088600000)
 Metaspace       used 15858K, capacity 16122K, committed 16256K, reserved 1064960K
  class space    used 1553K, capacity 1657K, committed 1664K, reserved 1048576K
GC Heap History (10 events):
Event: 143.960 GC heap before
{Heap before GC invocations=15 (full 0):
 PSYoungGen      total 95744K, used 92133K [0x00000000d6600000, 0x00000000dd000000, 0x0000000100000000)
  eden space 90112K, 100% used [0x00000000d6600000,0x00000000dbe00000,0x00000000dbe00000)
  from space 5632K, 35% used [0x00000000dca80000,0x00000000dcc79648,0x00000000dd000000)
  to   space 9216K, 0% used [0x00000000dbe00000,0x00000000dbe00000,0x00000000dc700000)
 ParOldGen       total 86016K, used 11414K [0x0000000083200000, 0x0000000088600000, 0x00000000d6600000)
  object space 86016K, 13% used [0x0000000083200000,0x0000000083d25910,0x0000000088600000)
 Metaspace       used 15726K, capacity 15994K, committed 16256K, reserved 1064960K
  class space    used 1553K, capacity 1657K, committed 1664K, reserved 1048576K
Event: 143.964 GC heap after
Heap after GC invocations=15 (full 0):
 PSYoungGen      total 88576K, used 1282K [0x00000000d6600000, 0x00000000dcd00000, 0x0000000100000000)
  eden space 87040K, 0% used [0x00000000d6600000,0x00000000d6600000,0x00000000dbb00000)
  from space 1536K, 83% used [0x00000000dbe00000,0x00000000dbf409b0,0x00000000dbf80000)
  to   space 9216K, 0% used [0x00000000dc400000,0x00000000dc400000,0x00000000dcd00000)
 ParOldGen       total 86016K, used 11430K [0x0000000083200000, 0x0000000088600000, 0x00000000d6600000)
  object space 86016K, 13% used [0x0000000083200000,0x0000000083d29910,0x0000000088600000)
 Metaspace       used 15726K, capacity 15994K, committed 16256K, reserved 1064960K
  class space    used 1553K, capacity 1657K, committed 1664K, reserved 1048576K
}
Event: 156.955 GC heap before
{Heap before GC invocations=16 (full 0):
 PSYoungGen      total 88576K, used 87863K [0x00000000d6600000, 0x00000000dcd00000, 0x0000000100000000)
  eden space 87040K, 99% used [0x00000000d6600000,0x00000000dba8d560,0x00000000dbb00000)
  from space 1536K, 83% used [0x00000000dbe00000,0x00000000dbf409b0,0x00000000dbf80000)
  to   space 9216K, 0% used [0x00000000dc400000,0x00000000dc400000,0x00000000dcd00000)
 ParOldGen       total 86016K, used 11430K [0x0000000083200000, 0x0000000088600000, 0x00000000d6600000)
  object space 86016K, 13% used [0x0000000083200000,0x0000000083d29910,0x0000000088600000)
 Metaspace       used 15762K, capacity 16058K, committed 16256K, reserved 1064960K
  class space    used 1553K, capacity 1657K, committed 1664K, reserved 1048576K
Event: 156.960 GC heap after
Heap after GC invocations=16 (full 0):
 PSYoungGen      total 90112K, used 1945K [0x00000000d6600000, 0x00000000dca00000, 0x0000000100000000)
  eden space 83968K, 0% used [0x00000000d6600000,0x00000000d6600000,0x00000000db800000)
  from space 6144K, 31% used [0x00000000dc400000,0x00000000dc5e64f0,0x00000000dca00000)
  to   space 9216K, 0% used [0x00000000db800000,0x00000000db800000,0x00000000dc100000)
 ParOldGen       total 86016K, used 11541K [0x0000000083200000, 0x0000000088600000, 0x00000000d6600000)
  object space 86016K, 13% used [0x0000000083200000,0x0000000083d45778,0x0000000088600000)
 Metaspace       used 15762K, capacity 16058K, committed 16256K, reserved 1064960K
  class space    used 1553K, capacity 1657K, committed 1664K, reserved 1048576K
}
Event: 169.513 GC heap before
{Heap before GC invocations=17 (full 0):
 PSYoungGen      total 90112K, used 85913K [0x00000000d6600000, 0x00000000dca00000, 0x0000000100000000)
  eden space 83968K, 100% used [0x00000000d6600000,0x00000000db800000,0x00000000db800000)
  from space 6144K, 31% used [0x00000000dc400000,0x00000000dc5e64f0,0x00000000dca00000)
  to   space 9216K, 0% used [0x00000000db800000,0x00000000db800000,0x00000000dc100000)
 ParOldGen       total 86016K, used 11541K [0x0000000083200000, 0x0000000088600000, 0x00000000d6600000)
  object space 86016K, 13% used [0x0000000083200000,0x0000000083d45778,0x0000000088600000)
 Metaspace       used 15797K, capacity 16058K, committed 16256K, reserved 1064960K
  class space    used 1553K, capacity 1657K, committed 1664K, reserved 1048576K
Event: 169.520 GC heap after
Heap after GC invocations=17 (full 0):
 PSYoungGen      total 84992K, used 3156K [0x00000000d6600000, 0x00000000dc680000, 0x0000000100000000)
  eden space 81408K, 0% used [0x00000000d6600000,0x00000000d6600000,0x00000000db580000)
  from space 3584K, 88% used [0x00000000db800000,0x00000000dbb15148,0x00000000dbb80000)
  to   space 8704K, 0% used [0x00000000dbe00000,0x00000000dbe00000,0x00000000dc680000)
 ParOldGen       total 86016K, used 11549K [0x0000000083200000, 0x0000000088600000, 0x00000000d6600000)
  object space 86016K, 13% used [0x0000000083200000,0x0000000083d47778,0x0000000088600000)
 Metaspace       used 15797K, capacity 16058K, committed 16256K, reserved 1064960K
  class space    used 1553K, capacity 1657K, committed 1664K, reserved 1048576K
}
Event: 183.574 GC heap before
{Heap before GC invocations=18 (full 0):
 PSYoungGen      total 84992K, used 84564K [0x00000000d6600000, 0x00000000dc680000, 0x0000000100000000)
  eden space 81408K, 100% used [0x00000000d6600000,0x00000000db580000,0x00000000db580000)
  from space 3584K, 88% used [0x00000000db800000,0x00000000dbb15148,0x00000000dbb80000)
  to   space 8704K, 0% used [0x00000000dbe00000,0x00000000dbe00000,0x00000000dc680000)
 ParOldGen       total 86016K, used 11549K [0x0000000083200000, 0x0000000088600000, 0x00000000d6600000)
  object space 86016K, 13% used [0x0000000083200000,0x0000000083d47778,0x0000000088600000)
 Metaspace       used 15842K, capacity 16122K, committed 16256K, reserved 1064960K
  class space    used 1553K, capacity 1657K, committed 1664K, reserved 1048576K
Event: 183.579 GC heap after
Heap after GC invocations=18 (full 0):
 PSYoungGen      total 83968K, used 3300K [0x00000000d6600000, 0x00000000dc300000, 0x0000000100000000)
  eden space 78848K, 0% used [0x00000000d6600000,0x00000000d6600000,0x00000000db300000)
  from space 5120K, 64% used [0x00000000dbe00000,0x00000000dc139358,0x00000000dc300000)
  to   space 8192K, 0% used [0x00000000db300000,0x00000000db300000,0x00000000dbb00000)
 ParOldGen       total 86016K, used 11557K [0x0000000083200000, 0x0000000088600000, 0x00000000d6600000)
  object space 86016K, 13% used [0x0000000083200000,0x0000000083d49778,0x0000000088600000)
 Metaspace       used 15842K, capacity 16122K, committed 16256K, reserved 1064960K
  class space    used 1553K, capacity 1657K, committed 1664K, reserved 1048576K
}
Event: 200.736 GC heap before
{Heap before GC invocations=19 (full 0):
 PSYoungGen      total 83968K, used 81249K [0x00000000d6600000, 0x00000000dc300000, 0x0000000100000000)
  eden space 78848K, 98% used [0x00000000d6600000,0x00000000db21f2a8,0x00000000db300000)
  from space 5120K, 64% used [0x00000000dbe00000,0x00000000dc139358,0x00000000dc300000)
  to   space 8192K, 0% used [0x00000000db300000,0x00000000db300000,0x00000000dbb00000)
 ParOldGen       total 86016K, used 11557K [0x0000000083200000, 0x0000000088600000, 0x00000000d6600000)
  object space 86016K, 13% used [0x0000000083200000,0x0000000083d49778,0x0000000088600000)
 Metaspace       used 15852K, capacity 16122K, committed 16256K, reserved 1064960K
  class space    used 1553K, capacity 1657K, committed 1664K, reserved 1048576K
Event: 200.743 GC heap after
Heap after GC invocations=19 (full 0):
 PSYoungGen      total 78336K, used 1849K [0x00000000d6600000, 0x00000000dbf80000, 0x0000000100000000)
  eden space 76288K, 0% used [0x00000000d6600000,0x00000000d6600000,0x00000000db080000)
  from space 2048K, 90% used [0x00000000db300000,0x00000000db4ce770,0x00000000db500000)
  to   space 7680K, 0% used [0x00000000db800000,0x00000000db800000,0x00000000dbf80000)
 ParOldGen       total 86016K, used 11565K [0x0000000083200000, 0x0000000088600000, 0x00000000d6600000)
  object space 86016K, 13% used [0x0000000083200000,0x0000000083d4b778,0x0000000088600000)
 Metaspace       used 15852K, capacity 16122K, committed 16256K, reserved 1064960K
  class space    used 1553K, capacity 1657K, committed 1664K, reserved 1048576K
}

